<?xml version="1.0" encoding="UTF-8"?>
<!-- Generated by org.testng.reporters.JUnitXMLReporter -->
<testsuite hostname="pc" ignored="0" name="SmokeTestSuite" tests="1" failures="0" timestamp="2021-03-12T15:52:15 IST" time="0.803" errors="0">
  <testcase name="@BeforeMethod browserLaunch" time="0.15" classname="com.utilities.BaseTest">
    <failure type="java.lang.IllegalStateException" message="The driver executable does not exist: C:\Driver\chromedriver.exe">
      <![CDATA[java.lang.IllegalStateException: The driver executable does not exist: C:\Driver\chromedriver.exe
at com.google.common.base.Preconditions.checkState(Preconditions.java:530)
at org.openqa.selenium.remote.service.DriverService.checkExecutable(DriverService.java:136)
at org.openqa.selenium.remote.service.DriverService.findExecutable(DriverService.java:131)
at org.openqa.selenium.chrome.ChromeDriverService.access$000(ChromeDriverService.java:32)
at org.openqa.selenium.chrome.ChromeDriverService$Builder.findDefaultExecutable(ChromeDriverService.java:137)
at org.openqa.selenium.remote.service.DriverService$Builder.build(DriverService.java:339)
at org.openqa.selenium.chrome.ChromeDriverService.createDefaultService(ChromeDriverService.java:88)
at org.openqa.selenium.chrome.ChromeDriver.<init>(ChromeDriver.java:123)
at com.utilities.BaseTest.browserLaunch(BaseTest.java:52)
at java.util.ArrayList.forEach(ArrayList.java:1259)
... Removed 31 stack frames]]>
    </failure>
  </testcase> <!-- @BeforeMethod browserLaunch -->
  <testcase name="@AfterMethod firefoxBrowserClose" time="-1.615544535814E9" classname="com.utilities.BaseTest">
    <skipped/>
  </testcase> <!-- @AfterMethod firefoxBrowserClose -->
  <testcase name="verifyLoginPageFunctionlity" time="0.0" classname="com.quicklly.LoginTC.LoginTC">
    <skipped/>
  </testcase> <!-- verifyLoginPageFunctionlity -->
</testsuite> <!-- SmokeTestSuite -->
